# JRE version: OpenJDK Runtime Environment (8.0_152-b01) (build 1.8.0_152-release-1343-b01)
# Java VM: OpenJDK 64-Bit Server VM (25.152-b01 mixed mode windows-amd64 compressed oops)
Heap:
 PSYoungGen      total 205824K, used 20558K [0x00000000e0000000, 0x00000000ef800000, 0x0000000100000000)
  eden space 185344K, 11% used [0x00000000e0000000,0x00000000e14138d8,0x00000000eb500000)
  from space 20480K, 0% used [0x00000000ec980000,0x00000000ec980000,0x00000000edd80000)
  to   space 20992K, 0% used [0x00000000eb500000,0x00000000eb500000,0x00000000ec980000)
 ParOldGen       total 271360K, used 29865K [0x00000000a0000000, 0x00000000b0900000, 0x00000000e0000000)
  object space 271360K, 11% used [0x00000000a0000000,0x00000000a1d2a5e8,0x00000000b0900000)
 Metaspace       used 58507K, capacity 60168K, committed 60416K, reserved 1101824K
  class space    used 7753K, capacity 8171K, committed 8192K, reserved 1048576K
GC Heap History (10 events):
Event: 3.160 GC heap before
{Heap before GC invocations=7 (full 2):
 PSYoungGen      total 140288K, used 10750K [0x00000000e0000000, 0x00000000ead00000, 0x0000000100000000)
  eden space 129536K, 0% used [0x00000000e0000000,0x00000000e0000000,0x00000000e7e80000)
  from space 10752K, 99% used [0x00000000e7e80000,0x00000000e88ffbf8,0x00000000e8900000)
  to   space 14336K, 0% used [0x00000000e9f00000,0x00000000e9f00000,0x00000000ead00000)
 ParOldGen       total 113152K, used 12912K [0x00000000a0000000, 0x00000000a6e80000, 0x00000000e0000000)
  object space 113152K, 11% used [0x00000000a0000000,0x00000000a0c9c328,0x00000000a6e80000)
 Metaspace       used 34607K, capacity 35350K, committed 35496K, reserved 1079296K
  class space    used 4593K, capacity 4854K, committed 4864K, reserved 1048576K
Event: 3.235 GC heap after
Heap after GC invocations=7 (full 2):
 PSYoungGen      total 140288K, used 0K [0x00000000e0000000, 0x00000000ead00000, 0x0000000100000000)
  eden space 129536K, 0% used [0x00000000e0000000,0x00000000e0000000,0x00000000e7e80000)
  from space 10752K, 0% used [0x00000000e7e80000,0x00000000e7e80000,0x00000000e8900000)
  to   space 14336K, 0% used [0x00000000e9f00000,0x00000000e9f00000,0x00000000ead00000)
 ParOldGen       total 194560K, used 18906K [0x00000000a0000000, 0x00000000abe00000, 0x00000000e0000000)
  object space 194560K, 9% used [0x00000000a0000000,0x00000000a1276be0,0x00000000abe00000)
 Metaspace       used 34555K, capacity 35218K, committed 35496K, reserved 1079296K
  class space    used 4579K, capacity 4810K, committed 4864K, reserved 1048576K
}
Event: 4.286 GC heap before
{Heap before GC invocations=8 (full 2):
 PSYoungGen      total 140288K, used 129536K [0x00000000e0000000, 0x00000000ead00000, 0x0000000100000000)
  eden space 129536K, 100% used [0x00000000e0000000,0x00000000e7e80000,0x00000000e7e80000)
  from space 10752K, 0% used [0x00000000e7e80000,0x00000000e7e80000,0x00000000e8900000)
  to   space 14336K, 0% used [0x00000000e9f00000,0x00000000e9f00000,0x00000000ead00000)
 ParOldGen       total 194560K, used 18906K [0x00000000a0000000, 0x00000000abe00000, 0x00000000e0000000)
  object space 194560K, 9% used [0x00000000a0000000,0x00000000a1276be0,0x00000000abe00000)
 Metaspace       used 43938K, capacity 45066K, committed 45184K, reserved 1087488K
  class space    used 5889K, capacity 6195K, committed 6272K, reserved 1048576K
Event: 4.294 GC heap after
Heap after GC invocations=8 (full 2):
 PSYoungGen      total 161792K, used 13228K [0x00000000e0000000, 0x00000000ebd80000, 0x0000000100000000)
  eden space 147456K, 0% used [0x00000000e0000000,0x00000000e0000000,0x00000000e9000000)
  from space 14336K, 92% used [0x00000000e9f00000,0x00000000eabeb228,0x00000000ead00000)
  to   space 15360K, 0% used [0x00000000e9000000,0x00000000e9000000,0x00000000e9f00000)
 ParOldGen       total 194560K, used 18914K [0x00000000a0000000, 0x00000000abe00000, 0x00000000e0000000)
  object space 194560K, 9% used [0x00000000a0000000,0x00000000a1278be0,0x00000000abe00000)
 Metaspace       used 43938K, capacity 45066K, committed 45184K, reserved 1087488K
  class space    used 5889K, capacity 6195K, committed 6272K, reserved 1048576K
}
Event: 5.408 GC heap before
{Heap before GC invocations=9 (full 2):
 PSYoungGen      total 161792K, used 160684K [0x00000000e0000000, 0x00000000ebd80000, 0x0000000100000000)
  eden space 147456K, 100% used [0x00000000e0000000,0x00000000e9000000,0x00000000e9000000)
  from space 14336K, 92% used [0x00000000e9f00000,0x00000000eabeb228,0x00000000ead00000)
  to   space 15360K, 0% used [0x00000000e9000000,0x00000000e9000000,0x00000000e9f00000)
 ParOldGen       total 194560K, used 18914K [0x00000000a0000000, 0x00000000abe00000, 0x00000000e0000000)
  object space 194560K, 9% used [0x00000000a0000000,0x00000000a1278be0,0x00000000abe00000)
 Metaspace       used 56162K, capacity 57690K, committed 57984K, reserved 1099776K
  class space    used 7399K, capacity 7794K, committed 7808K, reserved 1048576K
Event: 5.422 GC heap after
Heap after GC invocations=9 (full 2):
 PSYoungGen      total 162816K, used 15330K [0x00000000e0000000, 0x00000000edd80000, 0x0000000100000000)
  eden space 147456K, 0% used [0x00000000e0000000,0x00000000e0000000,0x00000000e9000000)
  from space 15360K, 99% used [0x00000000e9000000,0x00000000e9ef88e8,0x00000000e9f00000)
  to   space 20480K, 0% used [0x00000000ec980000,0x00000000ec980000,0x00000000edd80000)
 ParOldGen       total 194560K, used 25486K [0x00000000a0000000, 0x00000000abe00000, 0x00000000e0000000)
  object space 194560K, 13% used [0x00000000a0000000,0x00000000a18e3a40,0x00000000abe00000)
 Metaspace       used 56162K, capacity 57690K, committed 57984K, reserved 1099776K
  class space    used 7399K, capacity 7794K, committed 7808K, reserved 1048576K
}
Event: 5.531 GC heap before
{Heap before GC invocations=10 (full 2):
 PSYoungGen      total 162816K, used 23694K [0x00000000e0000000, 0x00000000edd80000, 0x0000000100000000)
  eden space 147456K, 5% used [0x00000000e0000000,0x00000000e082b1e0,0x00000000e9000000)
  from space 15360K, 99% used [0x00000000e9000000,0x00000000e9ef88e8,0x00000000e9f00000)
  to   space 20480K, 0% used [0x00000000ec980000,0x00000000ec980000,0x00000000edd80000)
 ParOldGen       total 194560K, used 25486K [0x00000000a0000000, 0x00000000abe00000, 0x00000000e0000000)
  object space 194560K, 13% used [0x00000000a0000000,0x00000000a18e3a40,0x00000000abe00000)
 Metaspace       used 57421K, capacity 59074K, committed 59160K, reserved 1099776K
  class space    used 7589K, capacity 8026K, committed 8064K, reserved 1048576K
Event: 5.539 GC heap after
Heap after GC invocations=10 (full 2):
 PSYoungGen      total 205824K, used 15799K [0x00000000e0000000, 0x00000000ef800000, 0x0000000100000000)
  eden space 185344K, 0% used [0x00000000e0000000,0x00000000e0000000,0x00000000eb500000)
  from space 20480K, 77% used [0x00000000ec980000,0x00000000ed8edf28,0x00000000edd80000)
  to   space 20992K, 0% used [0x00000000eb500000,0x00000000eb500000,0x00000000ec980000)
 ParOldGen       total 194560K, used 25494K [0x00000000a0000000, 0x00000000abe00000, 0x00000000e0000000)
  object space 194560K, 13% used [0x00000000a0000000,0x00000000a18e5a40,0x00000000abe00000)
 Metaspace       used 57421K, capacity 59074K, committed 59160K, reserved 1099776K
  class space    used 7589K, capacity 8026K, committed 8064K, reserved 1048576K
}
Event: 5.539 GC heap before
{Heap before GC invocations=11 (full 3):
 PSYoungGen      total 205824K, used 15799K [0x00000000e0000000, 0x00000000ef800000, 0x0000000100000000)
  eden space 185344K, 0% used [0x00000000e0000000,0x00000000e0000000,0x00000000eb500000)
  from space 20480K, 77% used [0x00000000ec980000,0x00000000ed8edf28,0x00000000edd80000)
  to   space 20992K, 0% used [0x00000000eb500000,0x00000000eb500000,0x00000000ec980000)
 ParOldGen       total 194560K, used 25494K [0x00000000a0000000, 0x00000000abe00000, 0x00000000e0000000)
  object space 194560K, 13% used [0x00000000a0000000,0x00000000a18e5a40,0x00000000abe00000)
 Metaspace       used 57421K, capacity 59074K, committed 59160K, reserved 1099776K
  class space    used 7589K, capacity 8026K, committed 8064K, reserved 1048576K
Event: 5.664 GC heap after
Heap after GC invocations=11 (full 3):
 PSYoungGen      total 205824K, used 0K [0x00000000e0000000, 0x00000000ef800000, 0x0000000100000000)
  eden space 185344K, 0% used [0x00000000e0000000,0x00000000e0000000,0x00000000eb500000)
  from space 20480K, 0% used [0x00000000ec980000,0x00000000ec980000,0x00000000edd80000)
  to   space 20992K, 0% used [0x00000000eb500000,0x00000000eb500000,0x00000000ec980000)
 ParOldGen       total 271360K, used 29865K [0x00000000a0000000, 0x00000000b0900000, 0x00000000e0000000)
  object space 271360K, 11% used [0x00000000a0000000,0x00000000a1d2a5e8,0x00000000b0900000)
 Metaspace       used 57392K, capacity 58978K, committed 59160K, reserved 1099776K
  class space    used 7580K, capacity 8010K, committed 8064K, reserved 1048576K
}

