# JRE version: OpenJDK Runtime Environment (8.0_152-b01) (build 1.8.0_152-release-1343-b01)
# Java VM: OpenJDK 64-Bit Server VM (25.152-b01 mixed mode windows-amd64 compressed oops)
Heap:
 PSYoungGen      total 141824K, used 95656K [0x000000076b180000, 0x0000000774680000, 0x00000007c0000000)
  eden space 131072K, 72% used [0x000000076b180000,0x0000000770eea188,0x0000000773180000)
  from space 10752K, 0% used [0x0000000773c00000,0x0000000773c00000,0x0000000774680000)
  to   space 10752K, 92% used [0x0000000773180000,0x0000000773b36bc8,0x0000000773c00000)
 ParOldGen       total 112640K, used 18599K [0x00000006c1400000, 0x00000006c8200000, 0x000000076b180000)
  object space 112640K, 16% used [0x00000006c1400000,0x00000006c2629f38,0x00000006c8200000)
 Metaspace       used 34676K, capacity 35176K, committed 35416K, reserved 1081344K
  class space    used 4451K, capacity 4576K, committed 4608K, reserved 1048576K
GC Heap History (7 events):
Event: 0.880 GC heap before
{Heap before GC invocations=1 (full 0):
 PSYoungGen      total 76288K, used 65536K [0x000000076b180000, 0x0000000770680000, 0x00000007c0000000)
  eden space 65536K, 100% used [0x000000076b180000,0x000000076f180000,0x000000076f180000)
  from space 10752K, 0% used [0x000000076fc00000,0x000000076fc00000,0x0000000770680000)
  to   space 10752K, 0% used [0x000000076f180000,0x000000076f180000,0x000000076fc00000)
 ParOldGen       total 175104K, used 0K [0x00000006c1400000, 0x00000006cbf00000, 0x000000076b180000)
  object space 175104K, 0% used [0x00000006c1400000,0x00000006c1400000,0x00000006cbf00000)
 Metaspace       used 17396K, capacity 17690K, committed 18048K, reserved 1064960K
  class space    used 1995K, capacity 2095K, committed 2176K, reserved 1048576K
Event: 0.890 GC heap after
Heap after GC invocations=1 (full 0):
 PSYoungGen      total 76288K, used 10747K [0x000000076b180000, 0x0000000774680000, 0x00000007c0000000)
  eden space 65536K, 0% used [0x000000076b180000,0x000000076b180000,0x000000076f180000)
  from space 10752K, 99% used [0x000000076f180000,0x000000076fbfef40,0x000000076fc00000)
  to   space 10752K, 0% used [0x0000000773c00000,0x0000000773c00000,0x0000000774680000)
 ParOldGen       total 175104K, used 5261K [0x00000006c1400000, 0x00000006cbf00000, 0x000000076b180000)
  object space 175104K, 3% used [0x00000006c1400000,0x00000006c1923638,0x00000006cbf00000)
 Metaspace       used 17396K, capacity 17690K, committed 18048K, reserved 1064960K
  class space    used 1995K, capacity 2095K, committed 2176K, reserved 1048576K
}
Event: 1.031 GC heap before
{Heap before GC invocations=2 (full 0):
 PSYoungGen      total 76288K, used 24499K [0x000000076b180000, 0x0000000774680000, 0x00000007c0000000)
  eden space 65536K, 20% used [0x000000076b180000,0x000000076beee088,0x000000076f180000)
  from space 10752K, 99% used [0x000000076f180000,0x000000076fbfef40,0x000000076fc00000)
  to   space 10752K, 0% used [0x0000000773c00000,0x0000000773c00000,0x0000000774680000)
 ParOldGen       total 175104K, used 5261K [0x00000006c1400000, 0x00000006cbf00000, 0x000000076b180000)
  object space 175104K, 3% used [0x00000006c1400000,0x00000006c1923638,0x00000006cbf00000)
 Metaspace       used 20701K, capacity 21042K, committed 21248K, reserved 1067008K
  class space    used 2653K, capacity 2783K, committed 2816K, reserved 1048576K
Event: 1.036 GC heap after
Heap after GC invocations=2 (full 0):
 PSYoungGen      total 141824K, used 8150K [0x000000076b180000, 0x0000000774680000, 0x00000007c0000000)
  eden space 131072K, 0% used [0x000000076b180000,0x000000076b180000,0x0000000773180000)
  from space 10752K, 75% used [0x0000000773c00000,0x00000007743f5af8,0x0000000774680000)
  to   space 10752K, 0% used [0x0000000773180000,0x0000000773180000,0x0000000773c00000)
 ParOldGen       total 175104K, used 5269K [0x00000006c1400000, 0x00000006cbf00000, 0x000000076b180000)
  object space 175104K, 3% used [0x00000006c1400000,0x00000006c1925638,0x00000006cbf00000)
 Metaspace       used 20701K, capacity 21042K, committed 21248K, reserved 1067008K
  class space    used 2653K, capacity 2783K, committed 2816K, reserved 1048576K
}
Event: 1.036 GC heap before
{Heap before GC invocations=3 (full 1):
 PSYoungGen      total 141824K, used 8150K [0x000000076b180000, 0x0000000774680000, 0x00000007c0000000)
  eden space 131072K, 0% used [0x000000076b180000,0x000000076b180000,0x0000000773180000)
  from space 10752K, 75% used [0x0000000773c00000,0x00000007743f5af8,0x0000000774680000)
  to   space 10752K, 0% used [0x0000000773180000,0x0000000773180000,0x0000000773c00000)
 ParOldGen       total 175104K, used 5269K [0x00000006c1400000, 0x00000006cbf00000, 0x000000076b180000)
  object space 175104K, 3% used [0x00000006c1400000,0x00000006c1925638,0x00000006cbf00000)
 Metaspace       used 20701K, capacity 21042K, committed 21248K, reserved 1067008K
  class space    used 2653K, capacity 2783K, committed 2816K, reserved 1048576K
Event: 1.057 GC heap after
Heap after GC invocations=3 (full 1):
 PSYoungGen      total 141824K, used 0K [0x000000076b180000, 0x0000000774680000, 0x00000007c0000000)
  eden space 131072K, 0% used [0x000000076b180000,0x000000076b180000,0x0000000773180000)
  from space 10752K, 0% used [0x0000000773c00000,0x0000000773c00000,0x0000000774680000)
  to   space 10752K, 0% used [0x0000000773180000,0x0000000773180000,0x0000000773c00000)
 ParOldGen       total 112640K, used 8351K [0x00000006c1400000, 0x00000006c8200000, 0x000000076b180000)
  object space 112640K, 7% used [0x00000006c1400000,0x00000006c1c27f10,0x00000006c8200000)
 Metaspace       used 20701K, capacity 21042K, committed 21248K, reserved 1067008K
  class space    used 2653K, capacity 2783K, committed 2816K, reserved 1048576K
}
Event: 1.994 GC heap before
{Heap before GC invocations=4 (full 1):
 PSYoungGen      total 141824K, used 95656K [0x000000076b180000, 0x0000000774680000, 0x00000007c0000000)
  eden space 131072K, 72% used [0x000000076b180000,0x0000000770eea188,0x0000000773180000)
  from space 10752K, 0% used [0x0000000773c00000,0x0000000773c00000,0x0000000774680000)
  to   space 10752K, 0% used [0x0000000773180000,0x0000000773180000,0x0000000773c00000)
 ParOldGen       total 112640K, used 8351K [0x00000006c1400000, 0x00000006c8200000, 0x000000076b180000)
  object space 112640K, 7% used [0x00000006c1400000,0x00000006c1c27f10,0x00000006c8200000)
 Metaspace       used 34676K, capacity 35176K, committed 35416K, reserved 1081344K
  class space    used 4451K, capacity 4576K, committed 4608K, reserved 1048576K

